21 Aug 19:33:01.150 info llog.cpp addlistentokqueue succ
21 Aug 19:33:09.584 info llog.cpp accetpclient::7
21 Aug 19:33:11.280 info llog.cpp pushback to linkermanager::7
21 Aug 19:33:11.280 info llog.cpp get:NOT FOUND
21 Aug 19:33:14.674 info llog.cpp linker exsited linkers::1
21 Aug 19:33:14.674 info llog.cpp put:PUT OK
21 Aug 19:33:16.553 info llog.cpp linker exsited linkers::1
21 Aug 19:35:00.516 info llog.cpp addlistentokqueue succ
21 Aug 19:35:08.528 info llog.cpp accetpclient::7
21 Aug 19:35:09.953 info llog.cpp pushback to linkermanager::7
21 Aug 19:36:13.491 info llog.cpp addlistentokqueue succ
21 Aug 19:36:19.587 info llog.cpp accetpclient::7
21 Aug 19:36:21.480 info llog.cpp pushback to linkermanager::7
21 Aug 19:37:52.355 info llog.cpp addlistentokqueue succ
21 Aug 19:37:56.547 info llog.cpp accetpclient::7
21 Aug 19:37:57.625 info llog.cpp pushback to linkermanager::7
21 Aug 19:41:44.805 info llog.cpp addlistentokqueue succ
21 Aug 19:41:48.430 info llog.cpp accetpclient::7
21 Aug 19:41:50.107 info llog.cpp pushback to linkermanager::7
21 Aug 19:42:02.311 info llog.cpp addlistentokqueue succ
21 Aug 19:42:06.076 info llog.cpp accetpclient::7
21 Aug 19:42:09.546 info llog.cpp pushback to linkermanager::7
21 Aug 19:42:09.546 info llog.cpp put:PUT OK
21 Aug 19:42:14.943 info llog.cpp linker exsited linkers::1
21 Aug 20:27:18.742 info llog.cpp addlistentokqueue succ
